GET /feed 302 82 - 8 ms
GET /sessions/new 304 - - 293 ms
GET /users/new 304 - - 36 ms
POST /users/create 302 66 - 38 ms
GET /feed 200 - - 68 ms
GET /photos/new 304 - - 34 ms
POST /photos/create 302 66 - 35 ms
GET /feed 200 - - 13 ms
GET /photos/thumbnail/1.jpg 200 - - 62 ms
GET /users/1 200 - - 81 ms
GET /photos/thumbnail/1.jpg 200 - - 72 ms
GET /users/1 302 82 - 6 ms
GET /sessions/new 304 - - 301 ms
GET /sessions/new 304 - - 303 ms
GET /sessions/new 200 - - 284 ms
GET /bulk/clear?password=1234 200 10 - 77 ms
POST /bulk/clear?password=1234 404 14 - 239 ms
GET /bulk/clear?password=1234 200 10 - 84 ms
GET /bulk/clear?password=1234 200 10 - 75 ms
POST /bulk/clear?password=1234 404 14 - 224 ms
POST /sessions/create 302 82 - 11 ms
GET /sessions/new 200 - - 69 ms
POST /sessions/create 302 82 - 5 ms
GET /sessions/new 304 - - 1 ms
GET /users/1 302 82 - 1 ms
GET /sessions/new 200 - - 2 ms
GET /users/2 302 82 - 1 ms
GET /sessions/new 304 - - 1 ms
GET /users/new 304 - - 51 ms
POST /users/create 302 66 - 33 ms
GET /feed 200 - - 69 ms
GET /users/1 200 - - 83 ms
GET /users/2 404 14 - 2 ms
GET /users/1 304 - - 8 ms
GET /photos/new 304 - - 15 ms
POST /photos/create 302 66 - 33 ms
GET /feed 200 - - 8 ms
GET /photos/thumbnail/1.jpg 200 - - 81 ms
GET /bulk/clear?password=1234 200 10 - 76 ms
POST /bulk/upload?password=1234 404 14 - 220 ms
GET / 302 66 - 3 ms
GET /feed 302 82 - 1 ms
GET /sessions/new 304 - - 64 ms
POST /sessions/create 302 82 - 9 ms
GET /sessions/new 200 - - 3 ms
GET /bulk/clear?password=1234 200 10 - 74 ms
POST /bulk/users?password=1234 500 22 - 248 ms
GET /bulk/clear?password=1234 200 10 - 71 ms
GET /bulk/clear?password=1234 200 10 - 78 ms
GET /bulk/clear?password=1234 200 10 - 76 ms
GET /bulk/clear?password=1234 200 10 - 71 ms
POST /bulk/users?password=1234 200 11 - 68 ms
POST /users/create 302 39 - 39 ms
GET /feed 200 - - 410 ms
GET /feed 200 - - 14 ms
POST /photos/create 500 22 - 7 ms
